{"C:\\Users\\joao.pstosetti\\Desktop\\aulas_QA\\js\\dividir.js": {"path":"C:\\Users\\joao.pstosetti\\Desktop\\aulas_QA\\js\\dividir.js","statementMap":{"0":{"start":{"line":2,"column":4},"end":{"line":2,"column":27}},"1":{"start":{"line":4,"column":0},"end":{"line":4,"column":25}}},"fnMap":{"0":{"name":"dividir","decl":{"start":{"line":1,"column":9},"end":{"line":1,"column":16}},"loc":{"start":{"line":1,"column":33},"end":{"line":3,"column":1}},"line":1}},"branchMap":{},"s":{"0":3,"1":1},"f":{"0":3},"b":{},"_coverageSchema":"1a1c01bbd47fc00a2c39e90264f33305004495a9","hash":"8d7673e4f17a770841cf45316de3c8844047d269"}
,"C:\\Users\\joao.pstosetti\\Desktop\\aulas_QA\\js\\multiplicar.js": {"path":"C:\\Users\\joao.pstosetti\\Desktop\\aulas_QA\\js\\multiplicar.js","statementMap":{"0":{"start":{"line":2,"column":4},"end":{"line":2,"column":27}},"1":{"start":{"line":4,"column":0},"end":{"line":4,"column":29}}},"fnMap":{"0":{"name":"multiplicar","decl":{"start":{"line":1,"column":9},"end":{"line":1,"column":20}},"loc":{"start":{"line":1,"column":37},"end":{"line":3,"column":1}},"line":1}},"branchMap":{},"s":{"0":4,"1":1},"f":{"0":4},"b":{},"_coverageSchema":"1a1c01bbd47fc00a2c39e90264f33305004495a9","hash":"5380e0f4ee6b68f9a733be1d50d5c6c3fc5871ec"}
,"C:\\Users\\joao.pstosetti\\Desktop\\aulas_QA\\js\\soma.js": {"path":"C:\\Users\\joao.pstosetti\\Desktop\\aulas_QA\\js\\soma.js","statementMap":{"0":{"start":{"line":2,"column":4},"end":{"line":2,"column":27}},"1":{"start":{"line":4,"column":0},"end":{"line":4,"column":23}}},"fnMap":{"0":{"name":"somar","decl":{"start":{"line":1,"column":9},"end":{"line":1,"column":14}},"loc":{"start":{"line":1,"column":31},"end":{"line":3,"column":1}},"line":1}},"branchMap":{},"s":{"0":3,"1":1},"f":{"0":3},"b":{},"_coverageSchema":"1a1c01bbd47fc00a2c39e90264f33305004495a9","hash":"c373044df161adcceeace242fa7745e9e5832eba"}
,"C:\\Users\\joao.pstosetti\\Desktop\\aulas_QA\\js\\subtrair.js": {"path":"C:\\Users\\joao.pstosetti\\Desktop\\aulas_QA\\js\\subtrair.js","statementMap":{"0":{"start":{"line":2,"column":4},"end":{"line":2,"column":27}},"1":{"start":{"line":4,"column":0},"end":{"line":4,"column":26}}},"fnMap":{"0":{"name":"subtrair","decl":{"start":{"line":1,"column":9},"end":{"line":1,"column":17}},"loc":{"start":{"line":1,"column":34},"end":{"line":3,"column":1}},"line":1}},"branchMap":{},"s":{"0":3,"1":1},"f":{"0":3},"b":{},"_coverageSchema":"1a1c01bbd47fc00a2c39e90264f33305004495a9","hash":"dfed7bb9a9d727720232eb598a19fed18dbe44fc"}
}
